

Processing ApplicationController#index (for 127.0.0.1 at 2010-04-03 17:18:18) [GET]

ActionController::RoutingError (No route matches "/" with {:method=>:get}):
  

Rendering rescues/layout (not_found)


Processing ApplicationController#index (for 127.0.0.1 at 2010-04-03 17:18:19) [GET]

ActionController::RoutingError (No route matches "/" with {:method=>:get}):
  

Rendering rescues/layout (not_found)


Processing ApplicationController#index (for 127.0.0.1 at 2010-04-03 17:18:19) [GET]

ActionController::RoutingError (No route matches "/" with {:method=>:get}):
  

Rendering rescues/layout (not_found)


Processing ApplicationController#index (for 127.0.0.1 at 2010-04-03 17:18:19) [GET]

ActionController::RoutingError (No route matches "/" with {:method=>:get}):
  

Rendering rescues/layout (not_found)


Processing ApplicationController#index (for 127.0.0.1 at 2010-04-03 17:18:20) [GET]

ActionController::RoutingError (No route matches "/" with {:method=>:get}):
  

Rendering rescues/layout (not_found)


Processing ApplicationController#index (for 127.0.0.1 at 2010-04-03 17:18:20) [GET]

ActionController::RoutingError (No route matches "/" with {:method=>:get}):
  

Rendering rescues/layout (not_found)


Processing ApplicationController#index (for 127.0.0.1 at 2010-04-03 17:18:20) [GET]

ActionController::RoutingError (No route matches "/" with {:method=>:get}):
  

Rendering rescues/layout (not_found)


Processing ApplicationController#index (for 127.0.0.1 at 2010-04-03 17:18:20) [GET]

ActionController::RoutingError (No route matches "/" with {:method=>:get}):
  

Rendering rescues/layout (not_found)


Processing ApplicationController#index (for 127.0.0.1 at 2010-04-03 17:18:21) [GET]

ActionController::RoutingError (No route matches "/" with {:method=>:get}):
  

Rendering rescues/layout (not_found)


Processing ApplicationController#index (for 127.0.0.1 at 2010-04-03 17:18:21) [GET]

ActionController::RoutingError (No route matches "/" with {:method=>:get}):
  

Rendering rescues/layout (not_found)


Processing ApplicationController#index (for 127.0.0.1 at 2010-04-03 17:18:21) [GET]

ActionController::RoutingError (No route matches "/" with {:method=>:get}):
  

Rendering rescues/layout (not_found)


Processing UserSessionsController#new (for 127.0.0.1 at 2010-04-03 17:19:33) [GET]
  Parameters: {"action"=>"new", "controller"=>"user_sessions"}
Rendering template within layouts/application
Rendering user_sessions/new

ActionView::TemplateError (undefined method `login' for #<UserSession: no credentials provided>) on line #6 of app/views/user_sessions/new.html.erb:
3: <% form_for @user_session, :url => user_session_path do |f| %>
4:   <%= f.error_messages %>
5:   <%= f.label :login %><br />
6:   <%= f.text_field :login %><br />
7:   <br />
8:   <%= f.label :password %><br />
9:   <%= f.password_field :password %><br />

    app/views/user_sessions/new.html.erb:6
    app/views/user_sessions/new.html.erb:3

Rendered rescues/_trace (130.1ms)
Rendered rescues/_request_and_response (1.4ms)
Rendering rescues/layout (internal_server_error)


Processing UserSessionsController#new (for 127.0.0.1 at 2010-04-03 17:19:34) [GET]
  Parameters: {"action"=>"new", "controller"=>"user_sessions"}
Rendering template within layouts/application
Rendering user_sessions/new

ActionView::TemplateError (undefined method `login' for #<UserSession: no credentials provided>) on line #6 of app/views/user_sessions/new.html.erb:
3: <% form_for @user_session, :url => user_session_path do |f| %>
4:   <%= f.error_messages %>
5:   <%= f.label :login %><br />
6:   <%= f.text_field :login %><br />
7:   <br />
8:   <%= f.label :password %><br />
9:   <%= f.password_field :password %><br />

    app/views/user_sessions/new.html.erb:6
    app/views/user_sessions/new.html.erb:3

Rendered rescues/_trace (53.8ms)
Rendered rescues/_request_and_response (0.3ms)
Rendering rescues/layout (internal_server_error)


Processing UserSessionsController#new (for 127.0.0.1 at 2010-04-03 17:19:34) [GET]
  Parameters: {"action"=>"new", "controller"=>"user_sessions"}
Rendering template within layouts/application
Rendering user_sessions/new

ActionView::TemplateError (undefined method `login' for #<UserSession: no credentials provided>) on line #6 of app/views/user_sessions/new.html.erb:
3: <% form_for @user_session, :url => user_session_path do |f| %>
4:   <%= f.error_messages %>
5:   <%= f.label :login %><br />
6:   <%= f.text_field :login %><br />
7:   <br />
8:   <%= f.label :password %><br />
9:   <%= f.password_field :password %><br />

    app/views/user_sessions/new.html.erb:6
    app/views/user_sessions/new.html.erb:3

Rendered rescues/_trace (55.8ms)
Rendered rescues/_request_and_response (0.3ms)
Rendering rescues/layout (internal_server_error)


Processing UserSessionsController#new (for 127.0.0.1 at 2010-04-03 17:19:35) [GET]
  Parameters: {"action"=>"new", "controller"=>"user_sessions"}
Rendering template within layouts/application
Rendering user_sessions/new

ActionView::TemplateError (undefined method `login' for #<UserSession: no credentials provided>) on line #6 of app/views/user_sessions/new.html.erb:
3: <% form_for @user_session, :url => user_session_path do |f| %>
4:   <%= f.error_messages %>
5:   <%= f.label :login %><br />
6:   <%= f.text_field :login %><br />
7:   <br />
8:   <%= f.label :password %><br />
9:   <%= f.password_field :password %><br />

    app/views/user_sessions/new.html.erb:6
    app/views/user_sessions/new.html.erb:3

Rendered rescues/_trace (148.4ms)
Rendered rescues/_request_and_response (0.3ms)
Rendering rescues/layout (internal_server_error)


Processing UserSessionsController#new (for 127.0.0.1 at 2010-04-03 17:19:35) [GET]
  Parameters: {"action"=>"new", "controller"=>"user_sessions"}
Rendering template within layouts/application
Rendering user_sessions/new

ActionView::TemplateError (undefined method `login' for #<UserSession: no credentials provided>) on line #6 of app/views/user_sessions/new.html.erb:
3: <% form_for @user_session, :url => user_session_path do |f| %>
4:   <%= f.error_messages %>
5:   <%= f.label :login %><br />
6:   <%= f.text_field :login %><br />
7:   <br />
8:   <%= f.label :password %><br />
9:   <%= f.password_field :password %><br />

    app/views/user_sessions/new.html.erb:6
    app/views/user_sessions/new.html.erb:3

Rendered rescues/_trace (51.5ms)
Rendered rescues/_request_and_response (0.4ms)
Rendering rescues/layout (internal_server_error)


Processing UserSessionsController#new (for 127.0.0.1 at 2010-04-03 17:19:35) [GET]
  Parameters: {"action"=>"new", "controller"=>"user_sessions"}
Rendering template within layouts/application
Rendering user_sessions/new

ActionView::TemplateError (undefined method `login' for #<UserSession: no credentials provided>) on line #6 of app/views/user_sessions/new.html.erb:
3: <% form_for @user_session, :url => user_session_path do |f| %>
4:   <%= f.error_messages %>
5:   <%= f.label :login %><br />
6:   <%= f.text_field :login %><br />
7:   <br />
8:   <%= f.label :password %><br />
9:   <%= f.password_field :password %><br />

    app/views/user_sessions/new.html.erb:6
    app/views/user_sessions/new.html.erb:3

Rendered rescues/_trace (57.2ms)
Rendered rescues/_request_and_response (0.3ms)
Rendering rescues/layout (internal_server_error)


Processing UserSessionsController#new (for 127.0.0.1 at 2010-04-03 17:19:35) [GET]
  Parameters: {"action"=>"new", "controller"=>"user_sessions"}
Rendering template within layouts/application
Rendering user_sessions/new

ActionView::TemplateError (undefined method `login' for #<UserSession: no credentials provided>) on line #6 of app/views/user_sessions/new.html.erb:
3: <% form_for @user_session, :url => user_session_path do |f| %>
4:   <%= f.error_messages %>
5:   <%= f.label :login %><br />
6:   <%= f.text_field :login %><br />
7:   <br />
8:   <%= f.label :password %><br />
9:   <%= f.password_field :password %><br />

    app/views/user_sessions/new.html.erb:6
    app/views/user_sessions/new.html.erb:3

Rendered rescues/_trace (145.1ms)
Rendered rescues/_request_and_response (0.3ms)
Rendering rescues/layout (internal_server_error)


Processing UserSessionsController#new (for 127.0.0.1 at 2010-04-03 17:19:35) [GET]
  Parameters: {"action"=>"new", "controller"=>"user_sessions"}
Rendering template within layouts/application
Rendering user_sessions/new

ActionView::TemplateError (undefined method `login' for #<UserSession: no credentials provided>) on line #6 of app/views/user_sessions/new.html.erb:
3: <% form_for @user_session, :url => user_session_path do |f| %>
4:   <%= f.error_messages %>
5:   <%= f.label :login %><br />
6:   <%= f.text_field :login %><br />
7:   <br />
8:   <%= f.label :password %><br />
9:   <%= f.password_field :password %><br />

    app/views/user_sessions/new.html.erb:6
    app/views/user_sessions/new.html.erb:3

Rendered rescues/_trace (58.4ms)
Rendered rescues/_request_and_response (0.3ms)
Rendering rescues/layout (internal_server_error)


Processing UserSessionsController#new (for 127.0.0.1 at 2010-04-03 17:19:36) [GET]
  Parameters: {"action"=>"new", "controller"=>"user_sessions"}
Rendering template within layouts/application
Rendering user_sessions/new

ActionView::TemplateError (undefined method `login' for #<UserSession: no credentials provided>) on line #6 of app/views/user_sessions/new.html.erb:
3: <% form_for @user_session, :url => user_session_path do |f| %>
4:   <%= f.error_messages %>
5:   <%= f.label :login %><br />
6:   <%= f.text_field :login %><br />
7:   <br />
8:   <%= f.label :password %><br />
9:   <%= f.password_field :password %><br />

    app/views/user_sessions/new.html.erb:6
    app/views/user_sessions/new.html.erb:3

Rendered rescues/_trace (52.5ms)
Rendered rescues/_request_and_response (0.3ms)
Rendering rescues/layout (internal_server_error)


Processing UserSessionsController#new (for 127.0.0.1 at 2010-04-03 17:19:36) [GET]
  Parameters: {"action"=>"new", "controller"=>"user_sessions"}
Rendering template within layouts/application
Rendering user_sessions/new

ActionView::TemplateError (undefined method `login' for #<UserSession: no credentials provided>) on line #6 of app/views/user_sessions/new.html.erb:
3: <% form_for @user_session, :url => user_session_path do |f| %>
4:   <%= f.error_messages %>
5:   <%= f.label :login %><br />
6:   <%= f.text_field :login %><br />
7:   <br />
8:   <%= f.label :password %><br />
9:   <%= f.password_field :password %><br />

    app/views/user_sessions/new.html.erb:6
    app/views/user_sessions/new.html.erb:3

Rendered rescues/_trace (137.2ms)
Rendered rescues/_request_and_response (0.3ms)
Rendering rescues/layout (internal_server_error)


Processing UserSessionsController#new (for 127.0.0.1 at 2010-04-03 17:19:57) [GET]
  Parameters: {"action"=>"new", "controller"=>"user_sessions"}
Rendering template within layouts/application
Rendering user_sessions/new

ActionView::TemplateError (undefined method `login' for #<UserSession: no credentials provided>) on line #6 of app/views/user_sessions/new.html.erb:
3: <% form_for @user_session, :url => user_session_path do |f| %>
4:   <%= f.error_messages %>
5:   <%= f.label :login %><br />
6:   <%= f.text_field :login %><br />
7:   <br />
8:   <%= f.label :password %><br />
9:   <%= f.password_field :password %><br />

    app/views/user_sessions/new.html.erb:6
    app/views/user_sessions/new.html.erb:3

Rendered rescues/_trace (71.0ms)
Rendered rescues/_request_and_response (0.3ms)
Rendering rescues/layout (internal_server_error)


Processing UserSessionsController#new (for 127.0.0.1 at 2010-04-03 17:19:58) [GET]
  Parameters: {"action"=>"new", "controller"=>"user_sessions"}
Rendering template within layouts/application
Rendering user_sessions/new

ActionView::TemplateError (undefined method `login' for #<UserSession: no credentials provided>) on line #6 of app/views/user_sessions/new.html.erb:
3: <% form_for @user_session, :url => user_session_path do |f| %>
4:   <%= f.error_messages %>
5:   <%= f.label :login %><br />
6:   <%= f.text_field :login %><br />
7:   <br />
8:   <%= f.label :password %><br />
9:   <%= f.password_field :password %><br />

    app/views/user_sessions/new.html.erb:6
    app/views/user_sessions/new.html.erb:3

Rendered rescues/_trace (137.2ms)
Rendered rescues/_request_and_response (0.3ms)
Rendering rescues/layout (internal_server_error)


Processing UserSessionsController#new (for 127.0.0.1 at 2010-04-03 17:19:58) [GET]
  Parameters: {"action"=>"new", "controller"=>"user_sessions"}
Rendering template within layouts/application
Rendering user_sessions/new

ActionView::TemplateError (undefined method `login' for #<UserSession: no credentials provided>) on line #6 of app/views/user_sessions/new.html.erb:
3: <% form_for @user_session, :url => user_session_path do |f| %>
4:   <%= f.error_messages %>
5:   <%= f.label :login %><br />
6:   <%= f.text_field :login %><br />
7:   <br />
8:   <%= f.label :password %><br />
9:   <%= f.password_field :password %><br />

    app/views/user_sessions/new.html.erb:6
    app/views/user_sessions/new.html.erb:3

Rendered rescues/_trace (55.7ms)
Rendered rescues/_request_and_response (0.4ms)
Rendering rescues/layout (internal_server_error)


Processing UserSessionsController#new (for 127.0.0.1 at 2010-04-03 17:19:59) [GET]
  Parameters: {"action"=>"new", "controller"=>"user_sessions"}
Rendering template within layouts/application
Rendering user_sessions/new

ActionView::TemplateError (undefined method `login' for #<UserSession: no credentials provided>) on line #6 of app/views/user_sessions/new.html.erb:
3: <% form_for @user_session, :url => user_session_path do |f| %>
4:   <%= f.error_messages %>
5:   <%= f.label :login %><br />
6:   <%= f.text_field :login %><br />
7:   <br />
8:   <%= f.label :password %><br />
9:   <%= f.password_field :password %><br />

    app/views/user_sessions/new.html.erb:6
    app/views/user_sessions/new.html.erb:3

Rendered rescues/_trace (51.1ms)
Rendered rescues/_request_and_response (0.3ms)
Rendering rescues/layout (internal_server_error)


Processing UserSessionsController#new (for 127.0.0.1 at 2010-04-03 17:19:59) [GET]
  Parameters: {"action"=>"new", "controller"=>"user_sessions"}
Rendering template within layouts/application
Rendering user_sessions/new

ActionView::TemplateError (undefined method `login' for #<UserSession: no credentials provided>) on line #6 of app/views/user_sessions/new.html.erb:
3: <% form_for @user_session, :url => user_session_path do |f| %>
4:   <%= f.error_messages %>
5:   <%= f.label :login %><br />
6:   <%= f.text_field :login %><br />
7:   <br />
8:   <%= f.label :password %><br />
9:   <%= f.password_field :password %><br />

    app/views/user_sessions/new.html.erb:6
    app/views/user_sessions/new.html.erb:3

Rendered rescues/_trace (157.7ms)
Rendered rescues/_request_and_response (0.3ms)
Rendering rescues/layout (internal_server_error)


Processing UserSessionsController#new (for 127.0.0.1 at 2010-04-03 17:20:12) [GET]
  Parameters: {"action"=>"new", "controller"=>"user_sessions"}
Rendering template within layouts/application
Rendering user_sessions/new

ActionView::TemplateError (undefined method `email' for #<UserSession: no credentials provided>) on line #6 of app/views/user_sessions/new.html.erb:
3: <% form_for @user_session, :url => user_session_path do |f| %>
4:   <%= f.error_messages %>
5:   <%= f.label :email %><br />
6:   <%= f.text_field :email %><br />
7:   <br />
8:   <%= f.label :password %><br />
9:   <%= f.password_field :password %><br />

    app/views/user_sessions/new.html.erb:6
    app/views/user_sessions/new.html.erb:3

Rendered rescues/_trace (52.5ms)
Rendered rescues/_request_and_response (0.3ms)
Rendering rescues/layout (internal_server_error)


Processing UserSessionsController#new (for 127.0.0.1 at 2010-04-03 17:20:13) [GET]
  Parameters: {"action"=>"new", "controller"=>"user_sessions"}
Rendering template within layouts/application
Rendering user_sessions/new

ActionView::TemplateError (undefined method `email' for #<UserSession: no credentials provided>) on line #6 of app/views/user_sessions/new.html.erb:
3: <% form_for @user_session, :url => user_session_path do |f| %>
4:   <%= f.error_messages %>
5:   <%= f.label :email %><br />
6:   <%= f.text_field :email %><br />
7:   <br />
8:   <%= f.label :password %><br />
9:   <%= f.password_field :password %><br />

    app/views/user_sessions/new.html.erb:6
    app/views/user_sessions/new.html.erb:3

Rendered rescues/_trace (64.4ms)
Rendered rescues/_request_and_response (0.3ms)
Rendering rescues/layout (internal_server_error)


Processing UserSessionsController#new (for 127.0.0.1 at 2010-04-03 17:20:13) [GET]
  Parameters: {"action"=>"new", "controller"=>"user_sessions"}
Rendering template within layouts/application
Rendering user_sessions/new

ActionView::TemplateError (undefined method `email' for #<UserSession: no credentials provided>) on line #6 of app/views/user_sessions/new.html.erb:
3: <% form_for @user_session, :url => user_session_path do |f| %>
4:   <%= f.error_messages %>
5:   <%= f.label :email %><br />
6:   <%= f.text_field :email %><br />
7:   <br />
8:   <%= f.label :password %><br />
9:   <%= f.password_field :password %><br />

    app/views/user_sessions/new.html.erb:6
    app/views/user_sessions/new.html.erb:3

Rendered rescues/_trace (139.0ms)
Rendered rescues/_request_and_response (0.4ms)
Rendering rescues/layout (internal_server_error)
  [4;36;1mSQL (0.2ms)[0m   [0;1m SELECT name
 FROM sqlite_master
 WHERE type = 'table' AND NOT name = 'sqlite_sequence'
[0m
  [4;35;1mSQL (0.1ms)[0m   [0mselect sqlite_version(*)[0m
  [4;36;1mSQL (2.8ms)[0m   [0;1mCREATE TABLE "schema_migrations" ("version" varchar(255) NOT NULL) [0m
  [4;35;1mSQL (30.1ms)[0m   [0mCREATE UNIQUE INDEX "unique_schema_migrations" ON "schema_migrations" ("version")[0m
  [4;36;1mSQL (0.2ms)[0m   [0;1m SELECT name
 FROM sqlite_master
 WHERE type = 'table' AND NOT name = 'sqlite_sequence'
[0m
  [4;35;1mSQL (0.1ms)[0m   [0mSELECT version FROM schema_migrations[0m
Migrating to CreateUsers (20100403235301)
  [4;36;1mSQL (0.7ms)[0m   [0;1mCREATE TABLE "users" ("id" INTEGER PRIMARY KEY AUTOINCREMENT NOT NULL, "first_name" varchar(255), "last_name" varchar(255), "email" varchar(255) NOT NULL, "crypted_password" varchar(255) NOT NULL, "password_salt" varchar(255) NOT NULL, "persistence_token" varchar(255) NOT NULL, "single_access_token" varchar(255) NOT NULL, "perishable_token" varchar(255) NOT NULL, "login_count" integer DEFAULT 0 NOT NULL, "failed_login_count" integer DEFAULT 0 NOT NULL, "last_request_at" datetime, "current_login_at" datetime, "last_login_at" datetime, "current_login_ip" varchar(255), "last_login_ip" varchar(255), "created_at" datetime, "updated_at" datetime) [0m
  [4;35;1mSQL (0.1ms)[0m   [0mINSERT INTO schema_migrations (version) VALUES ('20100403235301')[0m
Migrating to CreateSessions (20100404001252)
  [4;36;1mSQL (0.4ms)[0m   [0;1mCREATE TABLE "sessions" ("id" INTEGER PRIMARY KEY AUTOINCREMENT NOT NULL, "session_id" varchar(255) NOT NULL, "data" text, "created_at" datetime, "updated_at" datetime) [0m
  [4;35;1mSQL (0.2ms)[0m   [0mCREATE INDEX "index_sessions_on_session_id" ON "sessions" ("session_id")[0m
  [4;36;1mSQL (0.1ms)[0m   [0;1mCREATE INDEX "index_sessions_on_updated_at" ON "sessions" ("updated_at")[0m
  [4;35;1mSQL (0.1ms)[0m   [0mINSERT INTO schema_migrations (version) VALUES ('20100404001252')[0m
  [4;36;1mSQL (0.3ms)[0m   [0;1m SELECT name
 FROM sqlite_master
 WHERE type = 'table' AND NOT name = 'sqlite_sequence'
[0m
  [4;35;1mSQL (0.1ms)[0m   [0mSELECT version FROM schema_migrations[0m
  [4;36;1mSQL (0.2ms)[0m   [0;1m SELECT name
 FROM sqlite_master
 WHERE type = 'table' AND NOT name = 'sqlite_sequence'
[0m
  [4;35;1mSQL (0.2ms)[0m   [0mPRAGMA index_list("sessions")[0m
  [4;36;1mSQL (0.1ms)[0m   [0;1mPRAGMA index_info('index_sessions_on_updated_at')[0m
  [4;35;1mSQL (0.1ms)[0m   [0mPRAGMA index_info('index_sessions_on_session_id')[0m
  [4;36;1mSQL (0.1ms)[0m   [0;1mPRAGMA index_list("users")[0m


Processing UserSessionsController#new (for 127.0.0.1 at 2010-04-03 17:20:27) [GET]
  Parameters: {"action"=>"new", "controller"=>"user_sessions"}
Rendering template within layouts/application
Rendering user_sessions/new
  [4;36;1mSQL (0.3ms)[0m   [0;1mSELECT count(*) AS count_all FROM "users" WHERE (last_request_at > '2010-04-04 00:10:28') [0m
Completed in 198ms (View: 183, DB: 0) | 200 OK [http://0.0.0.0/]


Processing UserSessionsController#new (for 127.0.0.1 at 2010-04-03 17:20:28) [GET]
  Parameters: {"action"=>"new", "controller"=>"user_sessions"}
Rendering template within layouts/application
Rendering user_sessions/new
  [4;35;1mSQL (0.3ms)[0m   [0mSELECT count(*) AS count_all FROM "users" WHERE (last_request_at > '2010-04-04 00:10:28') [0m
Completed in 28ms (View: 13, DB: 0) | 200 OK [http://0.0.0.0/]


Processing ApplicationController#index (for 127.0.0.1 at 2010-04-03 17:20:28) [GET]

ActionController::RoutingError (No route matches "/stylesheets/scaffold.css" with {:method=>:get}):
  

Rendering rescues/layout (not_found)


Processing UserSessionsController#new (for 127.0.0.1 at 2010-04-03 17:20:28) [GET]
  Parameters: {"action"=>"new", "controller"=>"user_sessions"}
Rendering template within layouts/application
Rendering user_sessions/new
  [4;36;1mSQL (0.3ms)[0m   [0;1mSELECT count(*) AS count_all FROM "users" WHERE (last_request_at > '2010-04-04 00:10:28') [0m
Completed in 128ms (View: 15, DB: 0) | 200 OK [http://0.0.0.0/]


Processing UserSessionsController#new (for 127.0.0.1 at 2010-04-03 17:20:28) [GET]
  Parameters: {"action"=>"new", "controller"=>"user_sessions"}
Rendering template within layouts/application
Rendering user_sessions/new
  [4;35;1mSQL (0.3ms)[0m   [0mSELECT count(*) AS count_all FROM "users" WHERE (last_request_at > '2010-04-04 00:10:28') [0m
Completed in 45ms (View: 21, DB: 0) | 200 OK [http://0.0.0.0/]


Processing ApplicationController#index (for 127.0.0.1 at 2010-04-03 17:20:28) [GET]

ActionController::RoutingError (No route matches "/stylesheets/scaffold.css" with {:method=>:get}):
  

Rendering rescues/layout (not_found)


Processing UserSessionsController#new (for 127.0.0.1 at 2010-04-03 17:20:30) [GET]
  Parameters: {"action"=>"new", "controller"=>"user_sessions"}
Rendering template within layouts/application
Rendering user_sessions/new
  [4;36;1mSQL (0.3ms)[0m   [0;1mSELECT count(*) AS count_all FROM "users" WHERE (last_request_at > '2010-04-04 00:10:30') [0m
Completed in 95ms (View: 80, DB: 0) | 200 OK [http://0.0.0.0/]


Processing ApplicationController#index (for 127.0.0.1 at 2010-04-03 17:20:30) [GET]

ActionController::RoutingError (No route matches "/stylesheets/scaffold.css" with {:method=>:get}):
  

Rendering rescues/layout (not_found)


Processing UserSessionsController#new (for 127.0.0.1 at 2010-04-03 17:22:54) [GET]
  Parameters: {"action"=>"new", "controller"=>"user_sessions"}
Rendering template within layouts/application
Rendering user_sessions/new
  [4;35;1mSQL (0.6ms)[0m   [0mSELECT count(*) AS count_all FROM "users" WHERE (last_request_at > '2010-04-04 00:12:54') [0m
Completed in 24ms (View: 10, DB: 1) | 200 OK [http://0.0.0.0/]


Processing ApplicationController#index (for 127.0.0.1 at 2010-04-03 17:22:54) [GET]

ActionController::RoutingError (No route matches "/stylesheets/scaffold.css" with {:method=>:get}):
  

Rendering rescues/layout (not_found)


Processing UserSessionsController#new (for 127.0.0.1 at 2010-04-03 17:25:15) [GET]
  Parameters: {"action"=>"new", "controller"=>"user_sessions"}
Rendering template within layouts/application
Rendering user_sessions/new
  [4;36;1mSQL (0.4ms)[0m   [0;1mSELECT count(*) AS count_all FROM "users" WHERE (last_request_at > '2010-04-04 00:15:15') [0m
Completed in 36ms (View: 10, DB: 0) | 200 OK [http://0.0.0.0/]


Processing ApplicationController#index (for 127.0.0.1 at 2010-04-03 17:25:16) [GET]

ActionController::RoutingError (No route matches "/stylesheets/scaffold.css" with {:method=>:get}):
  

Rendering rescues/layout (not_found)


Processing UsersController#new (for 127.0.0.1 at 2010-04-03 17:25:19) [GET]
  Parameters: {"action"=>"new", "controller"=>"users"}
Rendering template within layouts/application
Rendering users/new
Rendered users/_form (2.2ms)
  [4;35;1mSQL (0.4ms)[0m   [0mSELECT count(*) AS count_all FROM "users" WHERE (last_request_at > '2010-04-04 00:15:19') [0m
Completed in 114ms (View: 94, DB: 0) | 200 OK [http://0.0.0.0/account/new]


Processing ApplicationController#index (for 127.0.0.1 at 2010-04-03 17:25:19) [GET]

ActionController::RoutingError (No route matches "/stylesheets/scaffold.css" with {:method=>:get}):
  

Rendering rescues/layout (not_found)


Processing UsersController#create (for 127.0.0.1 at 2010-04-03 17:25:28) [POST]
  Parameters: {"commit"=>"Register", "action"=>"create", "controller"=>"users", "user"=>{"password_confirmation"=>"[FILTERED]", "password"=>"[FILTERED]", "email"=>"fabien.legoupillot@gmail.com"}}
  [4;36;1mUser Load (0.2ms)[0m   [0;1mSELECT "users".id FROM "users" WHERE (LOWER("users"."email") = 'fabien.legoupillot@gmail.com') LIMIT 1[0m
  [4;35;1mUser Load (0.1ms)[0m   [0mSELECT "users".id FROM "users" WHERE ("users"."persistence_token" = '9172a1f5cdc76af026c284af76f78c4792e691e3eb4aa82e8c40850dab2216a2104923be3fdd55ba486e86e43e09a22138064f9560f14fc476b3710d424c7846') LIMIT 1[0m
  [4;36;1mUser Load (0.1ms)[0m   [0;1mSELECT "users".id FROM "users" WHERE ("users"."single_access_token" = 'bXeGpaMQbPqDR1M5ynaY') LIMIT 1[0m
  [4;35;1mUser Create (0.5ms)[0m   [0mINSERT INTO "users" ("single_access_token", "last_request_at", "created_at", "crypted_password", "perishable_token", "updated_at", "failed_login_count", "current_login_ip", "password_salt", "current_login_at", "last_name", "persistence_token", "login_count", "last_login_ip", "last_login_at", "first_name", "email") VALUES('bXeGpaMQbPqDR1M5ynaY', '2010-04-04 00:25:28', '2010-04-04 00:25:28', '877ee899334fa850f84bd20e88189eceb012ae304566e6458e93d0404d51fe713348bc1a34508dd526d766ba0737aca021503a454eda80009a89741964069d46', '1skJwQxH-hJgOGQjyLVz', '2010-04-04 00:25:28', 0, '127.0.0.1', 'I8IicoYFIocUNGIDiob1', '2010-04-04 00:25:28', NULL, '9172a1f5cdc76af026c284af76f78c4792e691e3eb4aa82e8c40850dab2216a2104923be3fdd55ba486e86e43e09a22138064f9560f14fc476b3710d424c7846', 1, NULL, NULL, NULL, 'fabien.legoupillot@gmail.com')[0m
Redirected to http://0.0.0.0:3000/account
Completed in 253ms (DB: 1) | 302 Found [http://0.0.0.0/account]


Processing UsersController#show (for 127.0.0.1 at 2010-04-03 17:25:28) [GET]
  Parameters: {"action"=>"show", "controller"=>"users"}
  [4;36;1mUser Load (0.5ms)[0m   [0;1mSELECT * FROM "users" WHERE ("users"."persistence_token" = '9172a1f5cdc76af026c284af76f78c4792e691e3eb4aa82e8c40850dab2216a2104923be3fdd55ba486e86e43e09a22138064f9560f14fc476b3710d424c7846') LIMIT 1[0m
  [4;35;1mUser Update (0.5ms)[0m   [0mUPDATE "users" SET "updated_at" = '2010-04-04 00:25:28', "perishable_token" = 'GNFB0YRyG7glz2iAcQ-S', "last_request_at" = '2010-04-04 00:25:28' WHERE "id" = 1[0m
Rendering template within layouts/application
Rendering users/show
  [4;36;1mSQL (0.3ms)[0m   [0;1mSELECT count(*) AS count_all FROM "users" WHERE (last_request_at > '2010-04-04 00:15:28') [0m
Completed in 63ms (View: 11, DB: 1) | 200 OK [http://0.0.0.0/account]


Processing ApplicationController#index (for 127.0.0.1 at 2010-04-03 17:25:28) [GET]

ActionController::RoutingError (No route matches "/stylesheets/scaffold.css" with {:method=>:get}):
  

Rendering rescues/layout (not_found)


Processing UsersController#show (for 127.0.0.1 at 2010-04-03 17:25:31) [GET]
  Parameters: {"action"=>"show", "controller"=>"users"}
  [4;35;1mUser Load (0.5ms)[0m   [0mSELECT * FROM "users" WHERE ("users"."persistence_token" = '9172a1f5cdc76af026c284af76f78c4792e691e3eb4aa82e8c40850dab2216a2104923be3fdd55ba486e86e43e09a22138064f9560f14fc476b3710d424c7846') LIMIT 1[0m
  [4;36;1mUser Update (0.3ms)[0m   [0;1mUPDATE "users" SET "updated_at" = '2010-04-04 00:25:31', "perishable_token" = 'ThFntvl2EUE5N92LqvRw', "last_request_at" = '2010-04-04 00:25:31' WHERE "id" = 1[0m
Rendering template within layouts/application
Rendering users/show
  [4;35;1mSQL (0.4ms)[0m   [0mSELECT count(*) AS count_all FROM "users" WHERE (last_request_at > '2010-04-04 00:15:31') [0m
Completed in 33ms (View: 8, DB: 1) | 200 OK [http://0.0.0.0/account]


Processing ApplicationController#index (for 127.0.0.1 at 2010-04-03 17:25:32) [GET]

ActionController::RoutingError (No route matches "/stylesheets/scaffold.css" with {:method=>:get}):
  

Rendering rescues/layout (not_found)


Processing UserSessionsController#destroy (for 127.0.0.1 at 2010-04-03 17:25:34) [DELETE]
  Parameters: {"action"=>"destroy", "_method"=>"delete", "controller"=>"user_sessions"}
  [4;36;1mUser Load (1.8ms)[0m   [0;1mSELECT * FROM "users" WHERE ("users"."persistence_token" = '9172a1f5cdc76af026c284af76f78c4792e691e3eb4aa82e8c40850dab2216a2104923be3fdd55ba486e86e43e09a22138064f9560f14fc476b3710d424c7846') LIMIT 1[0m
  [4;35;1mUser Update (0.4ms)[0m   [0mUPDATE "users" SET "updated_at" = '2010-04-04 00:25:34', "perishable_token" = 'gCkmqV4IM6cM0NRR_RJ4', "last_request_at" = '2010-04-04 00:25:34' WHERE "id" = 1[0m
Redirected to http://0.0.0.0:3000/user_session/new
Completed in 43ms (DB: 2) | 302 Found [http://0.0.0.0/user_session]


Processing UserSessionsController#new (for 127.0.0.1 at 2010-04-03 17:25:34) [GET]
  Parameters: {"action"=>"new", "controller"=>"user_sessions"}
Rendering template within layouts/application
Rendering user_sessions/new
  [4;36;1mSQL (0.3ms)[0m   [0;1mSELECT count(*) AS count_all FROM "users" WHERE (last_request_at > '2010-04-04 00:15:34') [0m
Completed in 27ms (View: 13, DB: 0) | 200 OK [http://0.0.0.0/user_session/new]


Processing ApplicationController#index (for 127.0.0.1 at 2010-04-03 17:25:34) [GET]

ActionController::RoutingError (No route matches "/stylesheets/scaffold.css" with {:method=>:get}):
  

Rendering rescues/layout (not_found)


Processing UserSessionsController#new (for 127.0.0.1 at 2010-04-03 17:32:06) [GET]
  Parameters: {"action"=>"new", "controller"=>"user_sessions"}
Rendering template within layouts/application
Rendering user_sessions/new
  [4;35;1mSQL (0.3ms)[0m   [0mSELECT count(*) AS count_all FROM "users" WHERE (last_request_at > '2010-04-04 00:22:06') [0m
Completed in 107ms (View: 90, DB: 0) | 200 OK [http://0.0.0.0/user_session/new]


Processing ApplicationController#index (for 127.0.0.1 at 2010-04-03 17:32:06) [GET]

ActionController::RoutingError (No route matches "/stylesheets/scaffold.css" with {:method=>:get}):
  

Rendering rescues/layout (not_found)


Processing UserSessionsController#new (for 127.0.0.1 at 2010-04-03 17:33:18) [GET]
  Parameters: {"action"=>"new", "controller"=>"user_sessions"}
Rendering template within layouts/application
Rendering user_sessions/new
  [4;36;1mSQL (0.3ms)[0m   [0;1mSELECT count(*) AS count_all FROM "users" WHERE (last_request_at > '2010-04-04 00:23:18') [0m
Completed in 26ms (View: 12, DB: 0) | 200 OK [http://0.0.0.0/user_session/new]


Processing ApplicationController#index (for 127.0.0.1 at 2010-04-03 17:33:19) [GET]

ActionController::RoutingError (No route matches "/stylesheets/scaffold.css" with {:method=>:get}):
  

Rendering rescues/layout (not_found)


Processing UserSessionsController#create (for 127.0.0.1 at 2010-04-03 17:33:24) [POST]
  Parameters: {"commit"=>"Login", "user_session"=>{"remember_me"=>"0", "password"=>"[FILTERED]", "email"=>"fabien.legoupillot@gmail.com"}, "action"=>"create", "controller"=>"user_sessions"}
  [4;35;1mUser Load (0.5ms)[0m   [0mSELECT * FROM "users" WHERE (LOWER("users".email) = 'fabien.legoupillot@gmail.com') LIMIT 1[0m
  [4;36;1mUser Update (0.4ms)[0m   [0;1mUPDATE "users" SET "login_count" = 2, "updated_at" = '2010-04-04 00:33:24', "perishable_token" = 'Ls4CJRChb7IZPI8fV4ym', "last_request_at" = '2010-04-04 00:33:24', "last_login_at" = '2010-04-04 00:25:28', "last_login_ip" = '127.0.0.1', "current_login_at" = '2010-04-04 00:33:24' WHERE "id" = 1[0m
Redirected to http://0.0.0.0:3000/account
Completed in 286ms (DB: 1) | 302 Found [http://0.0.0.0/user_session]


Processing UsersController#show (for 127.0.0.1 at 2010-04-03 17:33:25) [GET]
  Parameters: {"action"=>"show", "controller"=>"users"}
  [4;35;1mUser Load (0.6ms)[0m   [0mSELECT * FROM "users" WHERE ("users"."id" = '1') LIMIT 1[0m
  [4;36;1mUser Update (0.4ms)[0m   [0;1mUPDATE "users" SET "updated_at" = '2010-04-04 00:33:25', "perishable_token" = 'W9k9SeTqy4MwAexXzZ3e', "last_request_at" = '2010-04-04 00:33:25' WHERE "id" = 1[0m
Rendering template within layouts/application
Rendering users/show
  [4;35;1mSQL (0.3ms)[0m   [0mSELECT count(*) AS count_all FROM "users" WHERE (last_request_at > '2010-04-04 00:23:25') [0m
Completed in 34ms (View: 8, DB: 1) | 200 OK [http://0.0.0.0/account]


Processing ApplicationController#index (for 127.0.0.1 at 2010-04-03 17:33:25) [GET]

ActionController::RoutingError (No route matches "/stylesheets/scaffold.css" with {:method=>:get}):
  

Rendering rescues/layout (not_found)


Processing UsersController#show (for 127.0.0.1 at 2010-04-03 17:33:30) [GET]
  Parameters: {"action"=>"show", "controller"=>"users"}
  [4;36;1mUser Load (0.5ms)[0m   [0;1mSELECT * FROM "users" WHERE ("users"."id" = '1') LIMIT 1[0m
  [4;35;1mUser Update (0.4ms)[0m   [0mUPDATE "users" SET "updated_at" = '2010-04-04 00:33:30', "perishable_token" = 'h5oKYQSnwt_HvRUBiZOW', "last_request_at" = '2010-04-04 00:33:30' WHERE "id" = 1[0m
Rendering template within layouts/application
Rendering users/show
  [4;36;1mSQL (0.3ms)[0m   [0;1mSELECT count(*) AS count_all FROM "users" WHERE (last_request_at > '2010-04-04 00:23:30') [0m
Completed in 31ms (View: 6, DB: 1) | 200 OK [http://0.0.0.0/account]


Processing ApplicationController#index (for 127.0.0.1 at 2010-04-03 17:33:30) [GET]

ActionController::RoutingError (No route matches "/stylesheets/scaffold.css" with {:method=>:get}):
  

Rendering rescues/layout (not_found)


Processing UsersController#edit (for 127.0.0.1 at 2010-04-03 17:33:32) [GET]
  Parameters: {"action"=>"edit", "controller"=>"users"}
  [4;35;1mUser Load (0.5ms)[0m   [0mSELECT * FROM "users" WHERE ("users"."id" = '1') LIMIT 1[0m
  [4;36;1mUser Update (0.4ms)[0m   [0;1mUPDATE "users" SET "updated_at" = '2010-04-04 00:33:32', "perishable_token" = 'VAugTNFGCLqllLj5cjJR', "last_request_at" = '2010-04-04 00:33:32' WHERE "id" = 1[0m
Rendering template within layouts/application
Rendering users/edit
Rendered users/_form (2.2ms)
  [4;35;1mSQL (0.4ms)[0m   [0mSELECT count(*) AS count_all FROM "users" WHERE (last_request_at > '2010-04-04 00:23:32') [0m
Completed in 39ms (View: 14, DB: 1) | 200 OK [http://0.0.0.0/account/edit]


Processing ApplicationController#index (for 127.0.0.1 at 2010-04-03 17:33:32) [GET]

ActionController::RoutingError (No route matches "/stylesheets/scaffold.css" with {:method=>:get}):
  

Rendering rescues/layout (not_found)


Processing UsersController#show (for 127.0.0.1 at 2010-04-03 17:33:34) [GET]
  Parameters: {"action"=>"show", "controller"=>"users"}
  [4;36;1mUser Load (0.5ms)[0m   [0;1mSELECT * FROM "users" WHERE ("users"."id" = '1') LIMIT 1[0m
  [4;35;1mUser Update (0.4ms)[0m   [0mUPDATE "users" SET "updated_at" = '2010-04-04 00:33:34', "perishable_token" = 'cJo3F5HK5LxfwAO5enTx', "last_request_at" = '2010-04-04 00:33:34' WHERE "id" = 1[0m
Rendering template within layouts/application
Rendering users/show
  [4;36;1mSQL (0.7ms)[0m   [0;1mSELECT count(*) AS count_all FROM "users" WHERE (last_request_at > '2010-04-04 00:23:35') [0m
Completed in 116ms (View: 92, DB: 2) | 200 OK [http://0.0.0.0/account]


Processing ApplicationController#index (for 127.0.0.1 at 2010-04-03 17:33:35) [GET]

ActionController::RoutingError (No route matches "/stylesheets/scaffold.css" with {:method=>:get}):
  

Rendering rescues/layout (not_found)


Processing UserSessionsController#new (for 127.0.0.1 at 2010-04-03 17:33:37) [GET]
  Parameters: {"action"=>"new", "controller"=>"user_sessions"}
  [4;35;1mUser Load (0.5ms)[0m   [0mSELECT * FROM "users" WHERE ("users"."id" = '1') LIMIT 1[0m
  [4;36;1mUser Update (0.4ms)[0m   [0;1mUPDATE "users" SET "updated_at" = '2010-04-04 00:33:37', "perishable_token" = '1dT5UdRwIRkXHuEo3RrU', "last_request_at" = '2010-04-04 00:33:37' WHERE "id" = 1[0m
Redirected to http://0.0.0.0:3000/account
Filter chain halted as [:require_no_user] rendered_or_redirected.
Completed in 26ms (DB: 1) | 302 Found [http://0.0.0.0/]


Processing UsersController#show (for 127.0.0.1 at 2010-04-03 17:33:37) [GET]
  Parameters: {"action"=>"show", "controller"=>"users"}
  [4;35;1mUser Load (0.5ms)[0m   [0mSELECT * FROM "users" WHERE ("users"."id" = '1') LIMIT 1[0m
  [4;36;1mUser Update (0.4ms)[0m   [0;1mUPDATE "users" SET "updated_at" = '2010-04-04 00:33:37', "perishable_token" = '_1GLYsHg8S3tXqGkTvnT', "last_request_at" = '2010-04-04 00:33:37' WHERE "id" = 1[0m
Rendering template within layouts/application
Rendering users/show
  [4;35;1mSQL (0.3ms)[0m   [0mSELECT count(*) AS count_all FROM "users" WHERE (last_request_at > '2010-04-04 00:23:37') [0m
Completed in 57ms (View: 9, DB: 1) | 200 OK [http://0.0.0.0/account]


Processing ApplicationController#index (for 127.0.0.1 at 2010-04-03 17:33:38) [GET]

ActionController::RoutingError (No route matches "/stylesheets/scaffold.css" with {:method=>:get}):
  

Rendering rescues/layout (not_found)


Processing UsersController#show (for 127.0.0.1 at 2010-04-03 17:35:27) [GET]
  Parameters: {"action"=>"show", "controller"=>"users"}
  [4;36;1mUser Load (0.6ms)[0m   [0;1mSELECT * FROM "users" WHERE ("users"."id" = '1') LIMIT 1[0m
  [4;35;1mUser Update (0.4ms)[0m   [0mUPDATE "users" SET "updated_at" = '2010-04-04 00:35:27', "perishable_token" = '8tnlPSSJgZujbrd1-PjS', "last_request_at" = '2010-04-04 00:35:27' WHERE "id" = 1[0m
Rendering template within layouts/application
Rendering users/show
  [4;36;1mSQL (0.3ms)[0m   [0;1mSELECT count(*) AS count_all FROM "users" WHERE (last_request_at > '2010-04-04 00:25:27') [0m
Completed in 31ms (View: 6, DB: 1) | 200 OK [http://0.0.0.0/account]


Processing ApplicationController#index (for 127.0.0.1 at 2010-04-03 17:35:27) [GET]

ActionController::RoutingError (No route matches "/stylesheets/scaffold.css" with {:method=>:get}):
  

Rendering rescues/layout (not_found)


Processing UsersController#show (for 127.0.0.1 at 2010-04-03 17:35:28) [GET]
  Parameters: {"action"=>"show", "controller"=>"users"}
  [4;35;1mUser Load (0.5ms)[0m   [0mSELECT * FROM "users" WHERE ("users"."id" = '1') LIMIT 1[0m
  [4;36;1mUser Update (0.4ms)[0m   [0;1mUPDATE "users" SET "updated_at" = '2010-04-04 00:35:28', "perishable_token" = 'Ds7wDrFCak3iIdw5PZaG', "last_request_at" = '2010-04-04 00:35:28' WHERE "id" = 1[0m
Rendering template within layouts/application
Rendering users/show
  [4;35;1mSQL (0.7ms)[0m   [0mSELECT count(*) AS count_all FROM "users" WHERE (last_request_at > '2010-04-04 00:25:28') [0m
Completed in 248ms (View: 9, DB: 2) | 200 OK [http://0.0.0.0/account]


Processing ApplicationController#index (for 127.0.0.1 at 2010-04-03 17:35:29) [GET]

ActionController::RoutingError (No route matches "/stylesheets/scaffold.css" with {:method=>:get}):
  

Rendering rescues/layout (not_found)
